** Daemonized, any open files are closed.  Look at /Users/jeferonix/Desktop/design/sipri-arms/armsflow/flowbase/log/locomotive.pid and log/mongrel.log for info.
** Starting Mongrel listening at 0.0.0.0:3000
/Applications/Locomotive2/Bundles/rmagickRailsMar2007_i386.locobundle/framework/lib/ruby/gems/1.8/gems/mongrel-1.0.1/lib/mongrel/tcphack.rb:12:in `initialize_without_backlog': Address already in use - bind(2) (Errno::EADDRINUSE)
	from /Applications/Locomotive2/Bundles/rmagickRailsMar2007_i386.locobundle/framework/lib/ruby/gems/1.8/gems/mongrel-1.0.1/lib/mongrel/tcphack.rb:12:in `initialize'
	from /Applications/Locomotive2/Bundles/rmagickRailsMar2007_i386.locobundle/framework/lib/ruby/gems/1.8/gems/mongrel-1.0.1/lib/mongrel.rb:560:in `new'
	from /Applications/Locomotive2/Bundles/rmagickRailsMar2007_i386.locobundle/framework/lib/ruby/gems/1.8/gems/mongrel-1.0.1/lib/mongrel.rb:560:in `initialize'
	from /Applications/Locomotive2/Bundles/rmagickRailsMar2007_i386.locobundle/framework/lib/ruby/gems/1.8/gems/mongrel-1.0.1/lib/mongrel/configurator.rb:128:in `new'
	from /Applications/Locomotive2/Bundles/rmagickRailsMar2007_i386.locobundle/framework/lib/ruby/gems/1.8/gems/mongrel-1.0.1/lib/mongrel/configurator.rb:128:in `listener'
	from /Applications/Locomotive2/Bundles/rmagickRailsMar2007_i386.locobundle/framework/lib/ruby/gems/1.8/gems/mongrel-1.0.1/bin/mongrel_rails:98:in `cloaker_'
	from /Applications/Locomotive2/Bundles/rmagickRailsMar2007_i386.locobundle/framework/lib/ruby/gems/1.8/gems/mongrel-1.0.1/lib/mongrel/configurator.rb:51:in `call'
	from /Applications/Locomotive2/Bundles/rmagickRailsMar2007_i386.locobundle/framework/lib/ruby/gems/1.8/gems/mongrel-1.0.1/lib/mongrel/configurator.rb:51:in `initialize'
	from /Applications/Locomotive2/Bundles/rmagickRailsMar2007_i386.locobundle/framework/lib/ruby/gems/1.8/gems/mongrel-1.0.1/bin/mongrel_rails:83:in `new'
	from /Applications/Locomotive2/Bundles/rmagickRailsMar2007_i386.locobundle/framework/lib/ruby/gems/1.8/gems/mongrel-1.0.1/bin/mongrel_rails:83:in `run'
	from /Applications/Locomotive2/Bundles/rmagickRailsMar2007_i386.locobundle/framework/lib/ruby/gems/1.8/gems/mongrel-1.0.1/lib/mongrel/command.rb:211:in `run'
	from /Applications/Locomotive2/Bundles/rmagickRailsMar2007_i386.locobundle/framework/lib/ruby/gems/1.8/gems/mongrel-1.0.1/bin/mongrel_rails:243
	from /Applications/Locomotive2/Bundles/rmagickRailsMar2007_i386.locobundle/framework/bin/mongrel_rails:16:in `load'
	from /Applications/Locomotive2/Bundles/rmagickRailsMar2007_i386.locobundle/framework/bin/mongrel_rails:16
** Daemonized, any open files are closed.  Look at /Users/jeferonix/Desktop/design/sipri-arms/armsflow/flowbase/log/locomotive.pid and log/mongrel.log for info.
** Starting Mongrel listening at 0.0.0.0:3000
/Applications/Locomotive2/Bundles/rmagickRailsMar2007_i386.locobundle/framework/lib/ruby/gems/1.8/gems/mongrel-1.0.1/lib/mongrel/tcphack.rb:12:in `initialize_without_backlog': Address already in use - bind(2) (Errno::EADDRINUSE)
	from /Applications/Locomotive2/Bundles/rmagickRailsMar2007_i386.locobundle/framework/lib/ruby/gems/1.8/gems/mongrel-1.0.1/lib/mongrel/tcphack.rb:12:in `initialize'
	from /Applications/Locomotive2/Bundles/rmagickRailsMar2007_i386.locobundle/framework/lib/ruby/gems/1.8/gems/mongrel-1.0.1/lib/mongrel.rb:560:in `new'
	from /Applications/Locomotive2/Bundles/rmagickRailsMar2007_i386.locobundle/framework/lib/ruby/gems/1.8/gems/mongrel-1.0.1/lib/mongrel.rb:560:in `initialize'
	from /Applications/Locomotive2/Bundles/rmagickRailsMar2007_i386.locobundle/framework/lib/ruby/gems/1.8/gems/mongrel-1.0.1/lib/mongrel/configurator.rb:128:in `new'
	from /Applications/Locomotive2/Bundles/rmagickRailsMar2007_i386.locobundle/framework/lib/ruby/gems/1.8/gems/mongrel-1.0.1/lib/mongrel/configurator.rb:128:in `listener'
	from /Applications/Locomotive2/Bundles/rmagickRailsMar2007_i386.locobundle/framework/lib/ruby/gems/1.8/gems/mongrel-1.0.1/bin/mongrel_rails:98:in `cloaker_'
	from /Applications/Locomotive2/Bundles/rmagickRailsMar2007_i386.locobundle/framework/lib/ruby/gems/1.8/gems/mongrel-1.0.1/lib/mongrel/configurator.rb:51:in `call'
	from /Applications/Locomotive2/Bundles/rmagickRailsMar2007_i386.locobundle/framework/lib/ruby/gems/1.8/gems/mongrel-1.0.1/lib/mongrel/configurator.rb:51:in `initialize'
	from /Applications/Locomotive2/Bundles/rmagickRailsMar2007_i386.locobundle/framework/lib/ruby/gems/1.8/gems/mongrel-1.0.1/bin/mongrel_rails:83:in `new'
	from /Applications/Locomotive2/Bundles/rmagickRailsMar2007_i386.locobundle/framework/lib/ruby/gems/1.8/gems/mongrel-1.0.1/bin/mongrel_rails:83:in `run'
	from /Applications/Locomotive2/Bundles/rmagickRailsMar2007_i386.locobundle/framework/lib/ruby/gems/1.8/gems/mongrel-1.0.1/lib/mongrel/command.rb:211:in `run'
	from /Applications/Locomotive2/Bundles/rmagickRailsMar2007_i386.locobundle/framework/lib/ruby/gems/1.8/gems/mongrel-1.0.1/bin/mongrel_rails:243
	from /Applications/Locomotive2/Bundles/rmagickRailsMar2007_i386.locobundle/framework/bin/mongrel_rails:16:in `load'
	from /Applications/Locomotive2/Bundles/rmagickRailsMar2007_i386.locobundle/framework/bin/mongrel_rails:16
